DEBUG - 2026-03-24 05:34:13 --> Session: Class initialized using 'CodeIgniter\Session\Handlers\FileHandler' driver.
ERROR - 2026-03-24 05:34:17 --> Error connecting to the database: mysqli_sql_exception: No connection could be made because the target machine actively refused it in C:\xampp\htdocs\bytemarket\system\Database\MySQLi\Connection.php:201
Stack trace:
#0 C:\xampp\htdocs\bytemarket\system\Database\MySQLi\Connection.php(201): mysqli->real_connect('localhost', 'root', Object(SensitiveParameterValue), 'bytemarket', 3306, '', 0)
#1 C:\xampp\htdocs\bytemarket\system\Database\BaseConnection.php(419): CodeIgniter\Database\MySQLi\Connection->connect(false)
#2 C:\xampp\htdocs\bytemarket\system\Database\BaseConnection.php(654): CodeIgniter\Database\BaseConnection->initialize()
#3 C:\xampp\htdocs\bytemarket\system\Database\BaseBuilder.php(1649): CodeIgniter\Database\BaseConnection->query('SELECT *\nFROM `...', Array, false)
#4 C:\xampp\htdocs\bytemarket\system\Model.php(254): CodeIgniter\Database\BaseBuilder->get()
#5 C:\xampp\htdocs\bytemarket\system\BaseModel.php(675): CodeIgniter\Model->doFindAll(50, 0)
#6 C:\xampp\htdocs\bytemarket\app\Controllers\Landing.php(67): CodeIgniter\BaseModel->findAll(50)
#7 C:\xampp\htdocs\bytemarket\app\Controllers\Landing.php(19): App\Controllers\Landing->getTopProductsForLanding()
#8 C:\xampp\htdocs\bytemarket\system\CodeIgniter.php(951): App\Controllers\Landing->index()
#9 C:\xampp\htdocs\bytemarket\system\CodeIgniter.php(497): CodeIgniter\CodeIgniter->runController(Object(App\Controllers\Landing))
#10 C:\xampp\htdocs\bytemarket\system\CodeIgniter.php(340): CodeIgniter\CodeIgniter->handleRequest(NULL, Object(Config\Cache), false)
#11 C:\xampp\htdocs\bytemarket\system\Boot.php(417): CodeIgniter\CodeIgniter->run()
#12 C:\xampp\htdocs\bytemarket\system\Boot.php(68): CodeIgniter\Boot::runCodeIgniter(Object(CodeIgniter\CodeIgniter))
#13 C:\xampp\htdocs\bytemarket\public\index.php(59): CodeIgniter\Boot::bootWeb(Object(Config\Paths))
#14 C:\xampp\htdocs\bytemarket\system\rewrite.php(44): require_once('C:\\xampp\\htdocs...')
#15 {main}

Next CodeIgniter\Database\Exceptions\DatabaseException: No connection could be made because the target machine actively refused it in C:\xampp\htdocs\bytemarket\system\Database\MySQLi\Connection.php:231
Stack trace:
#0 C:\xampp\htdocs\bytemarket\system\Database\BaseConnection.php(419): CodeIgniter\Database\MySQLi\Connection->connect(false)
#1 C:\xampp\htdocs\bytemarket\system\Database\BaseConnection.php(654): CodeIgniter\Database\BaseConnection->initialize()
#2 C:\xampp\htdocs\bytemarket\system\Database\BaseBuilder.php(1649): CodeIgniter\Database\BaseConnection->query('SELECT *\nFROM `...', Array, false)
#3 C:\xampp\htdocs\bytemarket\system\Model.php(254): CodeIgniter\Database\BaseBuilder->get()
#4 C:\xampp\htdocs\bytemarket\system\BaseModel.php(675): CodeIgniter\Model->doFindAll(50, 0)
#5 C:\xampp\htdocs\bytemarket\app\Controllers\Landing.php(67): CodeIgniter\BaseModel->findAll(50)
#6 C:\xampp\htdocs\bytemarket\app\Controllers\Landing.php(19): App\Controllers\Landing->getTopProductsForLanding()
#7 C:\xampp\htdocs\bytemarket\system\CodeIgniter.php(951): App\Controllers\Landing->index()
#8 C:\xampp\htdocs\bytemarket\system\CodeIgniter.php(497): CodeIgniter\CodeIgniter->runController(Object(App\Controllers\Landing))
#9 C:\xampp\htdocs\bytemarket\system\CodeIgniter.php(340): CodeIgniter\CodeIgniter->handleRequest(NULL, Object(Config\Cache), false)
#10 C:\xampp\htdocs\bytemarket\system\Boot.php(417): CodeIgniter\CodeIgniter->run()
#11 C:\xampp\htdocs\bytemarket\system\Boot.php(68): CodeIgniter\Boot::runCodeIgniter(Object(CodeIgniter\CodeIgniter))
#12 C:\xampp\htdocs\bytemarket\public\index.php(59): CodeIgniter\Boot::bootWeb(Object(Config\Paths))
#13 C:\xampp\htdocs\bytemarket\system\rewrite.php(44): require_once('C:\\xampp\\htdocs...')
#14 {main}
CRITICAL - 2026-03-24 05:34:17 --> CodeIgniter\Database\Exceptions\DatabaseException: Unable to connect to the database.
Main connection [MySQLi]: No connection could be made because the target machine actively refused it
[Method: GET, Route: /]
in SYSTEMPATH\Database\BaseConnection.php on line 465.
 1 SYSTEMPATH\Database\BaseConnection.php(654): CodeIgniter\Database\BaseConnection->initialize()
 2 SYSTEMPATH\Database\BaseBuilder.php(1649): CodeIgniter\Database\BaseConnection->query('SELECT *
FROM `products`
ORDER BY `created_at` DESC
 LIMIT 50', [], false)
 3 SYSTEMPATH\Model.php(254): CodeIgniter\Database\BaseBuilder->get()
 4 SYSTEMPATH\BaseModel.php(675): CodeIgniter\Model->doFindAll(50, 0)
 5 APPPATH\Controllers\Landing.php(67): CodeIgniter\BaseModel->findAll(50)
 6 APPPATH\Controllers\Landing.php(19): App\Controllers\Landing->getTopProductsForLanding()
 7 SYSTEMPATH\CodeIgniter.php(951): App\Controllers\Landing->index()
 8 SYSTEMPATH\CodeIgniter.php(497): CodeIgniter\CodeIgniter->runController(Object(App\Controllers\Landing))
 9 SYSTEMPATH\CodeIgniter.php(340): CodeIgniter\CodeIgniter->handleRequest(null, Object(Config\Cache), false)
10 SYSTEMPATH\Boot.php(417): CodeIgniter\CodeIgniter->run()
11 SYSTEMPATH\Boot.php(68): CodeIgniter\Boot::runCodeIgniter(Object(CodeIgniter\CodeIgniter))
12 FCPATH\index.php(59): CodeIgniter\Boot::bootWeb(Object(Config\Paths))
13 SYSTEMPATH\rewrite.php(44): require_once('C:\\xampp\\htdocs\\bytemarket\\public\\index.php')
